<?xml version="1.0" encoding="UTF-8"?>
<!-- Generated by org.testng.reporters.JUnitXMLReporter -->
<testsuite hostname="EPBYMINW1753" name="TotalCost1" tests="4" failures="0" timestamp="29 Nov 2015 19:38:30 GMT" time="0.049" errors="0">
  <testcase name="overalTaxiParkCost1" time="0.016" classname="by.epam.tat.cherevach.module4.task1.unit_testing.TestTaxiParkTotalCost"/>
  <testcase name="overalTaxiParkCost2" time="0.009" classname="by.epam.tat.cherevach.module4.task1.unit_testing.TestTaxiParkTotalCost"/>
  <testcase name="WithAddedCar1" time="0.0" classname="by.epam.tat.cherevach.module4.task1.unit_testing.TestTaxiParkTotalCost"/>
  <testcase name="WithAddedCar2" time="0.0" classname="by.epam.tat.cherevach.module4.task1.unit_testing.TestTaxiParkTotalCost"/>
</testsuite> <!-- TotalCost1 -->
