<?xml version="1.0" encoding="UTF-8"?>
<!-- Generated by org.testng.reporters.JUnitXMLReporter -->
<testsuite hostname="EPBYMINW1753" name="TotalCost1" tests="4" failures="0" timestamp="6 Dec 2015 12:57:37 GMT" time="0.046" errors="0">
  <testcase name="testOveralTaxiParkCost1" time="0.017" classname="by.epam.tat.cherevach.module4.task1.unit_testing.TaxiParkTotalCostTest"/>
  <testcase name="testOveralTaxiParkCost2" time="0.001" classname="by.epam.tat.cherevach.module4.task1.unit_testing.TaxiParkTotalCostTest"/>
  <testcase name="testWithAddedCar1" time="0.0" classname="by.epam.tat.cherevach.module4.task1.unit_testing.TaxiParkTotalCostTest"/>
  <testcase name="testWithAddedCar2" time="0.001" classname="by.epam.tat.cherevach.module4.task1.unit_testing.TaxiParkTotalCostTest"/>
</testsuite> <!-- TotalCost1 -->
