<?xml version="1.0" encoding="UTF-8"?>
<!-- Generated by org.testng.reporters.JUnitXMLReporter -->
<testsuite hostname="EPBYMINW1753" name="ViewCar" tests="2" failures="0" timestamp="6 Dec 2015 12:57:37 GMT" time="0.009" errors="0">
  <testcase name="testSelectACar" time="0.0" classname="by.epam.tat.cherevach.module4.task1.unit_testing.SelectACarTest"/>
  <testcase name="testSelectACar2" time="0.0" classname="by.epam.tat.cherevach.module4.task1.unit_testing.SelectACarTest"/>
</testsuite> <!-- ViewCar -->
