<?xml version="1.0" encoding="UTF-8"?>
<testng-results skipped="0" failed="0" total="7" passed="7">
  <reporter-output>
  </reporter-output>
  <suite name="Yuri&#039;s Test Suite" duration-ms="106" started-at="2015-12-06T12:57:37Z" finished-at="2015-12-06T12:57:37Z">
    <groups>
    </groups>
    <test name="TotalCost1" duration-ms="46" started-at="2015-12-06T12:57:37Z" finished-at="2015-12-06T12:57:37Z">
      <class name="by.epam.tat.cherevach.module4.task1.unit_testing.TaxiParkTotalCostTest">
        <test-method status="PASS" signature="testOveralTaxiParkCost1()[pri:0, instance:by.epam.tat.cherevach.module4.task1.unit_testing.TaxiParkTotalCostTest@2f333739]" name="testOveralTaxiParkCost1" duration-ms="17" started-at="2015-12-06T15:57:37Z" finished-at="2015-12-06T15:57:37Z">
          <reporter-output>
          </reporter-output>
        </test-method> <!-- testOveralTaxiParkCost1 -->
        <test-method status="PASS" signature="testOveralTaxiParkCost2()[pri:0, instance:by.epam.tat.cherevach.module4.task1.unit_testing.TaxiParkTotalCostTest@2f333739]" name="testOveralTaxiParkCost2" duration-ms="1" started-at="2015-12-06T15:57:37Z" depends-on-methods="by.epam.tat.cherevach.module4.task1.unit_testing.TaxiParkTotalCostTest.testOveralTaxiParkCost1" finished-at="2015-12-06T15:57:37Z">
          <reporter-output>
          </reporter-output>
        </test-method> <!-- testOveralTaxiParkCost2 -->
        <test-method status="PASS" signature="testWithAddedCar1()[pri:0, instance:by.epam.tat.cherevach.module4.task1.unit_testing.TaxiParkTotalCostTest@2f333739]" name="testWithAddedCar1" duration-ms="0" started-at="2015-12-06T15:57:37Z" depends-on-methods="by.epam.tat.cherevach.module4.task1.unit_testing.TaxiParkTotalCostTest.testOveralTaxiParkCost2" finished-at="2015-12-06T15:57:37Z">
          <reporter-output>
          </reporter-output>
        </test-method> <!-- testWithAddedCar1 -->
        <test-method status="PASS" signature="testWithAddedCar2()[pri:0, instance:by.epam.tat.cherevach.module4.task1.unit_testing.TaxiParkTotalCostTest@2f333739]" name="testWithAddedCar2" duration-ms="1" started-at="2015-12-06T15:57:37Z" depends-on-methods="by.epam.tat.cherevach.module4.task1.unit_testing.TaxiParkTotalCostTest.testWithAddedCar1" finished-at="2015-12-06T15:57:37Z">
          <reporter-output>
          </reporter-output>
        </test-method> <!-- testWithAddedCar2 -->
      </class> <!-- by.epam.tat.cherevach.module4.task1.unit_testing.TaxiParkTotalCostTest -->
    </test> <!-- TotalCost1 -->
    <test name="TotalCost2" duration-ms="3" started-at="2015-12-06T12:57:37Z" finished-at="2015-12-06T12:57:37Z">
      <class name="by.epam.tat.cherevach.module4.task1.unit_testing.TaxiParkTotalCostParametersTest">
        <test-method status="PASS" signature="testParametr1(java.lang.String, java.lang.String, java.lang.String, java.lang.String)[pri:0, instance:by.epam.tat.cherevach.module4.task1.unit_testing.TaxiParkTotalCostParametersTest@7a46a697]" name="testParametr1" duration-ms="0" started-at="2015-12-06T15:57:37Z" finished-at="2015-12-06T15:57:37Z">
          <params>
            <param index="0">
              <value>
                <![CDATA[TestBrand]]>
              </value>
            </param>
            <param index="1">
              <value>
                <![CDATA[100]]>
              </value>
            </param>
            <param index="2">
              <value>
                <![CDATA[Passenger]]>
              </value>
            </param>
            <param index="3">
              <value>
                <![CDATA[200]]>
              </value>
            </param>
          </params>
          <reporter-output>
          </reporter-output>
        </test-method> <!-- testParametr1 -->
      </class> <!-- by.epam.tat.cherevach.module4.task1.unit_testing.TaxiParkTotalCostParametersTest -->
    </test> <!-- TotalCost2 -->
    <test name="ViewCar" duration-ms="9" started-at="2015-12-06T12:57:37Z" finished-at="2015-12-06T12:57:37Z">
      <class name="by.epam.tat.cherevach.module4.task1.unit_testing.SelectACarTest">
        <test-method status="PASS" signature="testSelectACar(java.lang.String)[pri:0, instance:by.epam.tat.cherevach.module4.task1.unit_testing.SelectACarTest@532760d8]" name="testSelectACar" duration-ms="0" started-at="2015-12-06T15:57:37Z" description="This is a test for car entry selection" finished-at="2015-12-06T15:57:37Z">
          <params>
            <param index="0">
              <value>
                <![CDATA[Test]]>
              </value>
            </param>
          </params>
          <exception class="by.epam.tat.cherevach.module3.lecture3.task1.exceptions.CarNotFoundExc">
            <message>
              <![CDATA[No results found for the entered car brand.]]>
            </message>
            <full-stacktrace>
              <![CDATA[by.epam.tat.cherevach.module3.lecture3.task1.exceptions.CarNotFoundExc: No results found for the entered car brand.
	at by.epam.tat.cherevach.module3.lecture2.task1.taxipark.CustomerOperations.selectParticularCar(CustomerOperations.java:59)
	at by.epam.tat.cherevach.module4.task1.unit_testing.SelectACarTest.testSelectACar(SelectACarTest.java:22)
	at sun.reflect.NativeMethodAccessorImpl.invoke0(Native Method)
	at sun.reflect.NativeMethodAccessorImpl.invoke(Unknown Source)
	at sun.reflect.DelegatingMethodAccessorImpl.invoke(Unknown Source)
	at java.lang.reflect.Method.invoke(Unknown Source)
	at org.testng.internal.MethodInvocationHelper.invokeMethod(MethodInvocationHelper.java:86)
	at org.testng.internal.Invoker.invokeMethod(Invoker.java:643)
	at org.testng.internal.Invoker.invokeTestMethod(Invoker.java:820)
	at org.testng.internal.Invoker.invokeTestMethods(Invoker.java:1128)
	at org.testng.internal.TestMethodWorker.invokeTestMethods(TestMethodWorker.java:129)
	at org.testng.internal.TestMethodWorker.run(TestMethodWorker.java:112)
	at org.testng.TestRunner.privateRun(TestRunner.java:782)
	at org.testng.TestRunner.run(TestRunner.java:632)
	at org.testng.SuiteRunner.runTest(SuiteRunner.java:366)
	at org.testng.SuiteRunner.runSequentially(SuiteRunner.java:361)
	at org.testng.SuiteRunner.privateRun(SuiteRunner.java:319)
	at org.testng.SuiteRunner.run(SuiteRunner.java:268)
	at org.testng.SuiteRunnerWorker.runSuite(SuiteRunnerWorker.java:52)
	at org.testng.SuiteRunnerWorker.run(SuiteRunnerWorker.java:86)
	at org.testng.TestNG.runSuitesSequentially(TestNG.java:1246)
	at org.testng.TestNG.runSuitesLocally(TestNG.java:1171)
	at org.testng.TestNG.run(TestNG.java:1066)
	at by.epam.tat.cherevach.module4.task1.unit_testing.UnitTestRunner.main(UnitTestRunner.java:17)
]]>
            </full-stacktrace>
          </exception> <!-- by.epam.tat.cherevach.module3.lecture3.task1.exceptions.CarNotFoundExc -->
          <reporter-output>
          </reporter-output>
        </test-method> <!-- testSelectACar -->
        <test-method status="PASS" signature="testSelectACar2(java.lang.String)[pri:0, instance:by.epam.tat.cherevach.module4.task1.unit_testing.SelectACarTest@532760d8]" name="testSelectACar2" duration-ms="0" started-at="2015-12-06T15:57:37Z" description="This one should fail" finished-at="2015-12-06T15:57:37Z">
          <params>
            <param index="0">
              <value>
                <![CDATA[UnknownCar]]>
              </value>
            </param>
          </params>
          <exception class="by.epam.tat.cherevach.module3.lecture3.task1.exceptions.CarNotFoundExc">
            <message>
              <![CDATA[No results found for the entered car brand.]]>
            </message>
            <full-stacktrace>
              <![CDATA[by.epam.tat.cherevach.module3.lecture3.task1.exceptions.CarNotFoundExc: No results found for the entered car brand.
	at by.epam.tat.cherevach.module3.lecture2.task1.taxipark.CustomerOperations.selectParticularCar(CustomerOperations.java:59)
	at by.epam.tat.cherevach.module4.task1.unit_testing.SelectACarTest.testSelectACar2(SelectACarTest.java:32)
	at sun.reflect.NativeMethodAccessorImpl.invoke0(Native Method)
	at sun.reflect.NativeMethodAccessorImpl.invoke(Unknown Source)
	at sun.reflect.DelegatingMethodAccessorImpl.invoke(Unknown Source)
	at java.lang.reflect.Method.invoke(Unknown Source)
	at org.testng.internal.MethodInvocationHelper.invokeMethod(MethodInvocationHelper.java:86)
	at org.testng.internal.Invoker.invokeMethod(Invoker.java:643)
	at org.testng.internal.Invoker.invokeTestMethod(Invoker.java:820)
	at org.testng.internal.Invoker.invokeTestMethods(Invoker.java:1128)
	at org.testng.internal.TestMethodWorker.invokeTestMethods(TestMethodWorker.java:129)
	at org.testng.internal.TestMethodWorker.run(TestMethodWorker.java:112)
	at org.testng.TestRunner.privateRun(TestRunner.java:782)
	at org.testng.TestRunner.run(TestRunner.java:632)
	at org.testng.SuiteRunner.runTest(SuiteRunner.java:366)
	at org.testng.SuiteRunner.runSequentially(SuiteRunner.java:361)
	at org.testng.SuiteRunner.privateRun(SuiteRunner.java:319)
	at org.testng.SuiteRunner.run(SuiteRunner.java:268)
	at org.testng.SuiteRunnerWorker.runSuite(SuiteRunnerWorker.java:52)
	at org.testng.SuiteRunnerWorker.run(SuiteRunnerWorker.java:86)
	at org.testng.TestNG.runSuitesSequentially(TestNG.java:1246)
	at org.testng.TestNG.runSuitesLocally(TestNG.java:1171)
	at org.testng.TestNG.run(TestNG.java:1066)
	at by.epam.tat.cherevach.module4.task1.unit_testing.UnitTestRunner.main(UnitTestRunner.java:17)
]]>
            </full-stacktrace>
          </exception> <!-- by.epam.tat.cherevach.module3.lecture3.task1.exceptions.CarNotFoundExc -->
          <reporter-output>
          </reporter-output>
        </test-method> <!-- testSelectACar2 -->
      </class> <!-- by.epam.tat.cherevach.module4.task1.unit_testing.SelectACarTest -->
    </test> <!-- ViewCar -->
  </suite> <!-- Yuri's Test Suite -->
</testng-results>
